<?xml version="1.0" encoding="UTF-8"?>
<testsuite xmlns:xsi="http://www.w3.org/2001/XMLSchema-instance" xsi:noNamespaceSchemaLocation="https://maven.apache.org/surefire/maven-surefire-plugin/xsd/surefire-test-report.xsd" version="3.0" name="Tests para la calculadora de salud." time="0.244" tests="22" errors="0" skipped="0" failures="0">
  <properties>
[...]
</properties>
  <testcase name="Test peso ideal negativo para hombre -valor de salida" classname="Tests para la calculadora de salud." time="0.069"/>
  <testcase name="Test peso ideal negativo para hombre -valor de salida" classname="Tests para la calculadora de salud." time="0.005"/>
  <testcase name="Test edad negativa basalMetabolicRate" classname="Tests para la calculadora de salud." time="0.005"/>
  <testcase name="Test género no válido para idealWeight" classname="Tests para la calculadora de salud." time="0.005"/>
  <testcase name="Test altura negativa para idealWeight" classname="Tests para la calculadora de salud." time="0.004"/>
  <testcase name="Test peso ideal negativo para hombre -valor de salida" classname="Tests para la calculadora de salud." time="0.002"/>
  <testcase name="Test altura overflow para basalMetabolicRate" classname="Tests para la calculadora de salud." time="0.003"/>
  <testcase name="Test altura overflow para idealWeight" classname="Tests para la calculadora de salud." time="0.004"/>
  <testcase name="Test altura cero para idealWeight" classname="Tests para la calculadora de salud." time="0.004"/>
  <testcase name="Test altura negativa basalMetabolicRate" classname="Tests para la calculadora de salud." time="0.004"/>
  <testcase name="Test peso cero basalMetabolicRate" classname="Tests para la calculadora de salud." time="0.004"/>
  <testcase name="Test altura cero basalMetabolicRate" classname="Tests para la calculadora de salud." time="0.003"/>
  <testcase name="Test peso ideal mujer" classname="Tests para la calculadora de salud." time="0.005"/>
  <testcase name="Test peso overflow para basalMetabolicRate" classname="Tests para la calculadora de salud." time="0.003"/>
  <testcase name="Test peso ideal negativo para mujer -valor de salida" classname="Tests para la calculadora de salud." time="0.003"/>
  <testcase name="Test género no válido para basalMetabolicRate" classname="Tests para la calculadora de salud." time="0.002"/>
  <testcase name="Test metabolismo basal mujer" classname="Tests para la calculadora de salud." time="0.001"/>
  <testcase name="Test peso negativo basalMetabolicRate" classname="Tests para la calculadora de salud." time="0.004"/>
  <testcase name="Test edad cero basalMetabolicRate" classname="Tests para la calculadora de salud." time="0.002"/>
  <testcase name="Test edad overflow para basalMetabolicRate" classname="Tests para la calculadora de salud." time="0.003"/>
  <testcase name="Test peso ideal hombre" classname="Tests para la calculadora de salud." time="0.001"/>
  <testcase name="Test metabolismo basal mujer" classname="Tests para la calculadora de salud." time="0.003"/>
</testsuite>